0 info it worked if it ends with ok
1 verbose cli [ '/usr/bin/node', '/usr/bin/npm', 'run', 'start' ]
2 info using npm@3.5.2
3 info using node@v8.10.0
4 verbose run-script [ 'prestart', 'start', 'poststart' ]
5 info lifecycle DLS_test@0.0.0~prestart: DLS_test@0.0.0
6 verbose lifecycle DLS_test@0.0.0~prestart: unsafe-perm in lifecycle true
7 verbose lifecycle DLS_test@0.0.0~prestart: PATH: /usr/share/npm/bin/node-gyp-bin:/opt/project/DLS_frontEnd/adminApp/node_modules/.bin:/usr/local/sbin:/usr/local/bin:/usr/sbin:/usr/bin:/sbin:/bin:/snap/bin
8 verbose lifecycle DLS_test@0.0.0~prestart: CWD: /opt/project/DLS_frontEnd/adminApp
9 silly lifecycle DLS_test@0.0.0~prestart: Args: [ '-c', 'npm install' ]
10 silly lifecycle DLS_test@0.0.0~prestart: Returned: code: 0  signal: null
11 info lifecycle DLS_test@0.0.0~start: DLS_test@0.0.0
12 verbose lifecycle DLS_test@0.0.0~start: unsafe-perm in lifecycle true
13 verbose lifecycle DLS_test@0.0.0~start: PATH: /usr/share/npm/bin/node-gyp-bin:/opt/project/DLS_frontEnd/adminApp/node_modules/.bin:/usr/local/sbin:/usr/local/bin:/usr/sbin:/usr/bin:/sbin:/bin:/snap/bin
14 verbose lifecycle DLS_test@0.0.0~start: CWD: /opt/project/DLS_frontEnd/adminApp
15 silly lifecycle DLS_test@0.0.0~start: Args: [ '-c', 'npm run build && npm run server' ]
16 silly lifecycle DLS_test@0.0.0~start: Returned: code: 1  signal: null
17 info lifecycle DLS_test@0.0.0~start: Failed to exec start script
18 verbose stack Error: DLS_test@0.0.0 start: `npm run build && npm run server`
18 verbose stack Exit status 1
18 verbose stack     at EventEmitter.<anonymous> (/usr/share/npm/lib/utils/lifecycle.js:232:16)
18 verbose stack     at emitTwo (events.js:126:13)
18 verbose stack     at EventEmitter.emit (events.js:214:7)
18 verbose stack     at ChildProcess.<anonymous> (/usr/share/npm/lib/utils/spawn.js:24:14)
18 verbose stack     at emitTwo (events.js:126:13)
18 verbose stack     at ChildProcess.emit (events.js:214:7)
18 verbose stack     at maybeClose (internal/child_process.js:925:16)
18 verbose stack     at Process.ChildProcess._handle.onexit (internal/child_process.js:209:5)
19 verbose pkgid DLS_test@0.0.0
20 verbose cwd /opt/project/DLS_frontEnd/adminApp
21 error Linux 5.4.0-42-generic
22 error argv "/usr/bin/node" "/usr/bin/npm" "run" "start"
23 error node v8.10.0
24 error npm  v3.5.2
25 error code ELIFECYCLE
26 error DLS_test@0.0.0 start: `npm run build && npm run server`
26 error Exit status 1
27 error Failed at the DLS_test@0.0.0 start script 'npm run build && npm run server'.
27 error Make sure you have the latest version of node.js and npm installed.
27 error If you do, this is most likely a problem with the DLS_test package,
27 error not with npm itself.
27 error Tell the author that this fails on your system:
27 error     npm run build && npm run server
27 error You can get information on how to open an issue for this project with:
27 error     npm bugs DLS_test
27 error Or if that isn't available, you can get their info via:
27 error     npm owner ls DLS_test
27 error There is likely additional logging output above.
28 verbose exit [ 1, true ]
